<?xml version="1.0" encoding="UTF-8"?>
<testng-results ignored="0" total="1" passed="1" failed="0" skipped="0">
  <reporter-output>
  </reporter-output>
  <suite started-at="2019-09-17T12:22:23 IST" name="Default suite" finished-at="2019-09-17T12:22:25 IST" duration-ms="2541">
    <groups>
    </groups>
    <test started-at="2019-09-17T12:22:23 IST" name="Default test" finished-at="2019-09-17T12:22:25 IST" duration-ms="2541">
      <class name="Authenticate">
        <test-method signature="getAunthenticate()[pri:0, instance:Authenticate@1e178745]" started-at="2019-09-17T12:22:23 IST" name="getAunthenticate" finished-at="2019-09-17T12:22:25 IST" duration-ms="2453" status="PASS">
          <reporter-output>
          </reporter-output>
        </test-method> <!-- getAunthenticate -->
      </class> <!-- Authenticate -->
    </test> <!-- Default test -->
  </suite> <!-- Default suite -->
</testng-results>
